<?xml version="1.0" encoding="utf-8"?><testsuites name="pytest tests"><testsuite name="pytest" errors="0" failures="0" skipped="0" tests="5" time="2.344" timestamp="2026-04-06T21:41:35.471003+00:00" hostname="agent-env-e026247e-4e77-4ded-9994-009c8d6a6230"><testcase classname="tests.test_proxy.TestProxyBasics" name="test_packages_endpoint" time="0.477" /><testcase classname="tests.test_proxy.TestProxyBasics" name="test_phone_check_returns_name_field" time="0.283" /><testcase classname="tests.test_proxy.TestProxyBasics" name="test_proxy_forwards_cookies" time="0.708" /><testcase classname="tests.test_proxy.TestAuthEndpoints" name="test_phone_check_nonexistent" time="0.274" /><testcase classname="tests.test_proxy.TestAuthEndpoints" name="test_login_with_test_account" time="0.534" /></testsuite></testsuites>